<?xml version="1.0" encoding="UTF-8"?>
<testng-results ignored="0" total="11" passed="9" failed="1" skipped="1">
  <reporter-output>
  </reporter-output>
  <suite started-at="2021-11-14T12:51:38 EST" name="Suite" finished-at="2021-11-14T12:51:38 EST" duration-ms="66">
    <groups>
      <group name="Sandeep">
        <method signature="Testing3.edituser()[pri:2, instance:tests.Testing3@47987356]" name="edituser" class="tests.Testing3"/>
      </group> <!-- Sandeep -->
      <group name="sanity">
        <method signature="Testing2.test4()[pri:0, instance:tests.Testing2@7133da86]" name="test4" class="tests.Testing2"/>
      </group> <!-- sanity -->
      <group name="Smoke">
        <method signature="Testing3.createuser()[pri:1, instance:tests.Testing3@47987356]" name="createuser" class="tests.Testing3"/>
        <method signature="Testing3.edituser()[pri:2, instance:tests.Testing3@47987356]" name="edituser" class="tests.Testing3"/>
        <method signature="Testing3.deleteuser()[pri:3, instance:tests.Testing3@47987356]" name="deleteuser" class="tests.Testing3"/>
        <method signature="Testing1.test2()[pri:0, instance:tests.Testing1@3bf9ce3e]" name="test2" class="tests.Testing1"/>
        <method signature="Testing2.test4()[pri:0, instance:tests.Testing2@7133da86]" name="test4" class="tests.Testing2"/>
      </group> <!-- Smoke -->
    </groups>
    <test started-at="2021-11-14T12:51:38 EST" name="Test" finished-at="2021-11-14T12:51:38 EST" duration-ms="66">
      <class name="tests.Testing3">
        <test-method signature="createuser()[pri:1, instance:tests.Testing3@47987356]" started-at="2021-11-14T12:51:38 EST" name="createuser" finished-at="2021-11-14T12:51:38 EST" duration-ms="2" status="PASS">
          <reporter-output>
          </reporter-output>
        </test-method> <!-- createuser -->
        <test-method signature="edituser()[pri:2, instance:tests.Testing3@47987356]" started-at="2021-11-14T12:51:38 EST" name="edituser" finished-at="2021-11-14T12:51:38 EST" depends-on-methods="tests.Testing3.createuser" duration-ms="2" status="FAIL">
          <exception class="java.lang.AssertionError">
            <message>
              <![CDATA[The following asserts failed:
Verifying Element expected [true] but found [false]]]>
            </message>
            <full-stacktrace>
              <![CDATA[java.lang.AssertionError: The following asserts failed:
Verifying Element expected [true] but found [false]
at org.testng.asserts.SoftAssert.assertAll(SoftAssert.java:47)
at org.testng.asserts.SoftAssert.assertAll(SoftAssert.java:31)
at tests.Testing3.edituser(Testing3.java:24)
at java.base/jdk.internal.reflect.NativeMethodAccessorImpl.invoke0(Native Method)
at java.base/jdk.internal.reflect.NativeMethodAccessorImpl.invoke(NativeMethodAccessorImpl.java:64)
at java.base/jdk.internal.reflect.DelegatingMethodAccessorImpl.invoke(DelegatingMethodAccessorImpl.java:43)
at java.base/java.lang.reflect.Method.invoke(Method.java:564)
at org.testng.internal.MethodInvocationHelper.invokeMethod(MethodInvocationHelper.java:133)
at org.testng.internal.TestInvoker.invokeMethod(TestInvoker.java:598)
at org.testng.internal.TestInvoker.invokeTestMethod(TestInvoker.java:173)
at org.testng.internal.MethodRunner.runInSequence(MethodRunner.java:46)
at org.testng.internal.TestInvoker$MethodInvocationAgent.invoke(TestInvoker.java:824)
at org.testng.internal.TestInvoker.invokeTestMethods(TestInvoker.java:146)
at org.testng.internal.TestMethodWorker.invokeTestMethods(TestMethodWorker.java:146)
at org.testng.internal.TestMethodWorker.run(TestMethodWorker.java:128)
at java.base/java.util.ArrayList.forEach(ArrayList.java:1511)
at org.testng.TestRunner.privateRun(TestRunner.java:794)
at org.testng.TestRunner.run(TestRunner.java:596)
at org.testng.SuiteRunner.runTest(SuiteRunner.java:377)
at org.testng.SuiteRunner.runSequentially(SuiteRunner.java:371)
at org.testng.SuiteRunner.privateRun(SuiteRunner.java:332)
at org.testng.SuiteRunner.run(SuiteRunner.java:276)
at org.testng.SuiteRunnerWorker.runSuite(SuiteRunnerWorker.java:53)
at org.testng.SuiteRunnerWorker.run(SuiteRunnerWorker.java:96)
at org.testng.TestNG.runSuitesSequentially(TestNG.java:1212)
at org.testng.TestNG.runSuitesLocally(TestNG.java:1134)
at org.testng.TestNG.runSuites(TestNG.java:1063)
at org.testng.TestNG.run(TestNG.java:1031)
at org.testng.remote.AbstractRemoteTestNG.run(AbstractRemoteTestNG.java:115)
at org.testng.remote.RemoteTestNG.initAndRun(RemoteTestNG.java:251)
at org.testng.remote.RemoteTestNG.main(RemoteTestNG.java:77)
]]>
            </full-stacktrace>
          </exception> <!-- java.lang.AssertionError -->
          <reporter-output>
          </reporter-output>
        </test-method> <!-- edituser -->
        <test-method signature="deleteuser()[pri:3, instance:tests.Testing3@47987356]" started-at="2021-11-14T12:51:38 EST" name="deleteuser" finished-at="2021-11-14T12:51:38 EST" depends-on-methods="tests.Testing3.edituser" duration-ms="0" status="SKIP">
          <exception class="java.lang.Throwable">
            <message>
              <![CDATA[Method Testing3.deleteuser()[pri:3, instance:tests.Testing3@47987356] depends on not successfully finished methods]]>
            </message>
            <full-stacktrace>
              <![CDATA[java.lang.Throwable: Method Testing3.deleteuser()[pri:3, instance:tests.Testing3@47987356] depends on not successfully finished methods
at org.testng.internal.TestInvoker.invokeTestMethods(TestInvoker.java:102)
at org.testng.internal.TestMethodWorker.invokeTestMethods(TestMethodWorker.java:146)
at org.testng.internal.TestMethodWorker.run(TestMethodWorker.java:128)
at java.base/java.util.ArrayList.forEach(ArrayList.java:1511)
at org.testng.TestRunner.privateRun(TestRunner.java:794)
at org.testng.TestRunner.run(TestRunner.java:596)
at org.testng.SuiteRunner.runTest(SuiteRunner.java:377)
at org.testng.SuiteRunner.runSequentially(SuiteRunner.java:371)
at org.testng.SuiteRunner.privateRun(SuiteRunner.java:332)
at org.testng.SuiteRunner.run(SuiteRunner.java:276)
at org.testng.SuiteRunnerWorker.runSuite(SuiteRunnerWorker.java:53)
at org.testng.SuiteRunnerWorker.run(SuiteRunnerWorker.java:96)
at org.testng.TestNG.runSuitesSequentially(TestNG.java:1212)
at org.testng.TestNG.runSuitesLocally(TestNG.java:1134)
at org.testng.TestNG.runSuites(TestNG.java:1063)
at org.testng.TestNG.run(TestNG.java:1031)
at org.testng.remote.AbstractRemoteTestNG.run(AbstractRemoteTestNG.java:115)
at org.testng.remote.RemoteTestNG.initAndRun(RemoteTestNG.java:251)
at org.testng.remote.RemoteTestNG.main(RemoteTestNG.java:77)
]]>
            </full-stacktrace>
          </exception> <!-- java.lang.Throwable -->
          <reporter-output>
          </reporter-output>
        </test-method> <!-- deleteuser -->
      </class> <!-- tests.Testing3 -->
      <class name="tests.Testing1">
        <test-method is-config="true" signature="beforeSuite()[pri:0, instance:tests.Testing1@3bf9ce3e]" started-at="2021-11-14T12:51:38 EST" name="beforeSuite" finished-at="2021-11-14T12:51:38 EST" duration-ms="6" status="PASS">
          <reporter-output>
          </reporter-output>
        </test-method> <!-- beforeSuite -->
        <test-method is-config="true" signature="beforeTest()[pri:0, instance:tests.Testing1@3bf9ce3e]" started-at="2021-11-14T12:51:38 EST" name="beforeTest" finished-at="2021-11-14T12:51:38 EST" duration-ms="0" status="PASS">
          <reporter-output>
          </reporter-output>
        </test-method> <!-- beforeTest -->
        <test-method is-config="true" signature="beforeClass()[pri:0, instance:tests.Testing1@3bf9ce3e]" started-at="2021-11-14T12:51:38 EST" name="beforeClass" finished-at="2021-11-14T12:51:38 EST" duration-ms="0" status="PASS">
          <reporter-output>
          </reporter-output>
        </test-method> <!-- beforeClass -->
        <test-method is-config="true" signature="beforeMethod()[pri:0, instance:tests.Testing1@3bf9ce3e]" started-at="2021-11-14T12:51:38 EST" name="beforeMethod" finished-at="2021-11-14T12:51:38 EST" duration-ms="0" status="PASS">
          <reporter-output>
          </reporter-output>
        </test-method> <!-- beforeMethod -->
        <test-method signature="abc(java.lang.Integer,java.lang.String)[pri:0, instance:tests.Testing1@3bf9ce3e]" started-at="2021-11-14T12:51:38 EST" name="abc" data-provider="dp" finished-at="2021-11-14T12:51:38 EST" duration-ms="4" status="PASS">
          <params>
            <param index="0">
              <value>
                <![CDATA[1]]>
              </value>
            </param>
            <param index="1">
              <value>
                <![CDATA[a]]>
              </value>
            </param>
          </params>
          <reporter-output>
          </reporter-output>
        </test-method> <!-- abc -->
        <test-method is-config="true" signature="afterMethod()[pri:0, instance:tests.Testing1@3bf9ce3e]" started-at="2021-11-14T12:51:38 EST" name="afterMethod" finished-at="2021-11-14T12:51:38 EST" duration-ms="1" status="PASS">
          <reporter-output>
          </reporter-output>
        </test-method> <!-- afterMethod -->
        <test-method is-config="true" signature="beforeMethod()[pri:0, instance:tests.Testing1@3bf9ce3e]" started-at="2021-11-14T12:51:38 EST" name="beforeMethod" finished-at="2021-11-14T12:51:38 EST" duration-ms="0" status="PASS">
          <reporter-output>
          </reporter-output>
        </test-method> <!-- beforeMethod -->
        <test-method signature="abc(java.lang.Integer,java.lang.String)[pri:0, instance:tests.Testing1@3bf9ce3e]" started-at="2021-11-14T12:51:38 EST" name="abc" data-provider="dp" finished-at="2021-11-14T12:51:38 EST" duration-ms="1" status="PASS">
          <params>
            <param index="0">
              <value>
                <![CDATA[2]]>
              </value>
            </param>
            <param index="1">
              <value>
                <![CDATA[b]]>
              </value>
            </param>
          </params>
          <reporter-output>
          </reporter-output>
        </test-method> <!-- abc -->
        <test-method is-config="true" signature="afterMethod()[pri:0, instance:tests.Testing1@3bf9ce3e]" started-at="2021-11-14T12:51:38 EST" name="afterMethod" finished-at="2021-11-14T12:51:38 EST" duration-ms="0" status="PASS">
          <reporter-output>
          </reporter-output>
        </test-method> <!-- afterMethod -->
        <test-method is-config="true" signature="beforeMethod()[pri:0, instance:tests.Testing1@3bf9ce3e]" started-at="2021-11-14T12:51:38 EST" name="beforeMethod" finished-at="2021-11-14T12:51:38 EST" duration-ms="1" status="PASS">
          <reporter-output>
          </reporter-output>
        </test-method> <!-- beforeMethod -->
        <test-method signature="login(java.lang.Integer,java.lang.String)[pri:0, instance:tests.Testing1@3bf9ce3e]" started-at="2021-11-14T12:51:38 EST" name="login" data-provider="login" finished-at="2021-11-14T12:51:38 EST" duration-ms="0" status="PASS">
          <params>
            <param index="0">
              <value>
                <![CDATA[1]]>
              </value>
            </param>
            <param index="1">
              <value>
                <![CDATA[a]]>
              </value>
            </param>
          </params>
          <reporter-output>
          </reporter-output>
        </test-method> <!-- login -->
        <test-method is-config="true" signature="afterMethod()[pri:0, instance:tests.Testing1@3bf9ce3e]" started-at="2021-11-14T12:51:38 EST" name="afterMethod" finished-at="2021-11-14T12:51:38 EST" duration-ms="0" status="PASS">
          <reporter-output>
          </reporter-output>
        </test-method> <!-- afterMethod -->
        <test-method signature="login(java.lang.Integer,java.lang.String)[pri:0, instance:tests.Testing1@3bf9ce3e]" started-at="2021-11-14T12:51:38 EST" name="login" data-provider="login" finished-at="2021-11-14T12:51:38 EST" duration-ms="1" status="PASS">
          <params>
            <param index="0">
              <value>
                <![CDATA[2]]>
              </value>
            </param>
            <param index="1">
              <value>
                <![CDATA[b]]>
              </value>
            </param>
          </params>
          <reporter-output>
          </reporter-output>
        </test-method> <!-- login -->
        <test-method is-config="true" signature="beforeMethod()[pri:0, instance:tests.Testing1@3bf9ce3e]" started-at="2021-11-14T12:51:38 EST" name="beforeMethod" finished-at="2021-11-14T12:51:38 EST" duration-ms="0" status="PASS">
          <reporter-output>
          </reporter-output>
        </test-method> <!-- beforeMethod -->
        <test-method is-config="true" signature="afterMethod()[pri:0, instance:tests.Testing1@3bf9ce3e]" started-at="2021-11-14T12:51:38 EST" name="afterMethod" finished-at="2021-11-14T12:51:38 EST" duration-ms="0" status="PASS">
          <reporter-output>
          </reporter-output>
        </test-method> <!-- afterMethod -->
        <test-method is-config="true" signature="beforeMethod()[pri:0, instance:tests.Testing1@3bf9ce3e]" started-at="2021-11-14T12:51:38 EST" name="beforeMethod" finished-at="2021-11-14T12:51:38 EST" duration-ms="1" status="PASS">
          <reporter-output>
          </reporter-output>
        </test-method> <!-- beforeMethod -->
        <test-method signature="test2()[pri:0, instance:tests.Testing1@3bf9ce3e]" started-at="2021-11-14T12:51:38 EST" name="test2" finished-at="2021-11-14T12:51:38 EST" duration-ms="1" status="PASS">
          <reporter-output>
          </reporter-output>
        </test-method> <!-- test2 -->
        <test-method is-config="true" signature="afterMethod()[pri:0, instance:tests.Testing1@3bf9ce3e]" started-at="2021-11-14T12:51:38 EST" name="afterMethod" finished-at="2021-11-14T12:51:38 EST" duration-ms="0" status="PASS">
          <reporter-output>
          </reporter-output>
        </test-method> <!-- afterMethod -->
        <test-method signature="test3()[pri:0, instance:tests.Testing1@3bf9ce3e]" started-at="2021-11-14T12:51:38 EST" name="test3" finished-at="2021-11-14T12:51:38 EST" duration-ms="1" status="PASS">
          <reporter-output>
          </reporter-output>
        </test-method> <!-- test3 -->
        <test-method is-config="true" signature="beforeMethod()[pri:0, instance:tests.Testing1@3bf9ce3e]" started-at="2021-11-14T12:51:38 EST" name="beforeMethod" finished-at="2021-11-14T12:51:38 EST" duration-ms="0" status="PASS">
          <reporter-output>
          </reporter-output>
        </test-method> <!-- beforeMethod -->
        <test-method is-config="true" signature="afterMethod()[pri:0, instance:tests.Testing1@3bf9ce3e]" started-at="2021-11-14T12:51:38 EST" name="afterMethod" finished-at="2021-11-14T12:51:38 EST" duration-ms="0" status="PASS">
          <reporter-output>
          </reporter-output>
        </test-method> <!-- afterMethod -->
        <test-method is-config="true" signature="afterClass()[pri:0, instance:tests.Testing1@3bf9ce3e]" started-at="2021-11-14T12:51:38 EST" name="afterClass" finished-at="2021-11-14T12:51:38 EST" duration-ms="0" status="PASS">
          <reporter-output>
          </reporter-output>
        </test-method> <!-- afterClass -->
        <test-method is-config="true" signature="afterTest()[pri:0, instance:tests.Testing1@3bf9ce3e]" started-at="2021-11-14T12:51:38 EST" name="afterTest" finished-at="2021-11-14T12:51:38 EST" duration-ms="0" status="PASS">
          <reporter-output>
          </reporter-output>
        </test-method> <!-- afterTest -->
        <test-method is-config="true" signature="afterSuite()[pri:0, instance:tests.Testing1@3bf9ce3e]" started-at="2021-11-14T12:51:38 EST" name="afterSuite" finished-at="2021-11-14T12:51:38 EST" duration-ms="0" status="PASS">
          <reporter-output>
          </reporter-output>
        </test-method> <!-- afterSuite -->
      </class> <!-- tests.Testing1 -->
      <class name="tests.Testing2">
        <test-method signature="test4()[pri:0, instance:tests.Testing2@7133da86]" started-at="2021-11-14T12:51:38 EST" name="test4" finished-at="2021-11-14T12:51:38 EST" duration-ms="1" status="PASS">
          <reporter-output>
          </reporter-output>
        </test-method> <!-- test4 -->
        <test-method signature="test5()[pri:0, instance:tests.Testing2@7133da86]" started-at="2021-11-14T12:51:38 EST" name="test5" finished-at="2021-11-14T12:51:38 EST" duration-ms="0" status="PASS">
          <reporter-output>
          </reporter-output>
        </test-method> <!-- test5 -->
      </class> <!-- tests.Testing2 -->
    </test> <!-- Test -->
  </suite> <!-- Suite -->
</testng-results>
